c:\users\timothy\source\repos\a2\project1\debug\vc143.pdb
c:\users\timothy\source\repos\a2\project1\debug\vc143.idb
c:\users\timothy\source\repos\a2\project1\debug\tinyxmlparser.obj
c:\users\timothy\source\repos\a2\project1\debug\tinyxmlerror.obj
c:\users\timothy\source\repos\a2\project1\debug\tinyxml.obj
c:\users\timothy\source\repos\a2\project1\debug\tinystr.obj
c:\users\timothy\source\repos\a2\project1\debug\sceneparser.obj
c:\users\timothy\source\repos\a2\project1\debug\myglcanvas.obj
c:\users\timothy\source\repos\a2\project1\debug\main.obj
c:\users\timothy\source\repos\a2\project1\debug\camera.obj
c:\users\timothy\source\repos\a2\debug\project1.pdb
c:\users\timothy\source\repos\a2\project1\debug\project1.tlog\cl.command.1.tlog
c:\users\timothy\source\repos\a2\project1\debug\project1.tlog\cl.read.1.tlog
c:\users\timothy\source\repos\a2\project1\debug\project1.tlog\cl.write.1.tlog
c:\users\timothy\source\repos\a2\project1\debug\project1.tlog\link-cvtres.read.1.tlog
c:\users\timothy\source\repos\a2\project1\debug\project1.tlog\link-cvtres.write.1.tlog
c:\users\timothy\source\repos\a2\project1\debug\project1.tlog\link-rc.read.1.tlog
c:\users\timothy\source\repos\a2\project1\debug\project1.tlog\link-rc.write.1.tlog
c:\users\timothy\source\repos\a2\project1\debug\project1.tlog\link.command.1.tlog
c:\users\timothy\source\repos\a2\project1\debug\project1.tlog\link.read.1.tlog
c:\users\timothy\source\repos\a2\project1\debug\project1.tlog\link.write.1.tlog
